<?xml version="1.0" encoding="UTF-8"?>
<testng-results skipped="0" failed="0" ignored="0" total="1" passed="1">
  <reporter-output>
  </reporter-output>
  <suite name="Suite" duration-ms="21567" started-at="2019-09-18T11:39:12Z" finished-at="2019-09-18T11:39:33Z">
    <groups>
    </groups>
    <test name="SunnetAutomationChrome" duration-ms="21567" started-at="2019-09-18T11:39:12Z" finished-at="2019-09-18T11:39:33Z">
      <class name="com.sunnet.TestRunner.TestRunner">
        <test-method status="PASS" signature="tRun(java.lang.String)[pri:0, instance:com.sunnet.TestRunner.TestRunner@1990a65e]" name="tRun" duration-ms="21514" started-at="2019-09-18T11:39:12Z" finished-at="2019-09-18T11:39:33Z">
          <params>
            <param index="0">
              <value>
                <![CDATA[Firefox]]>
              </value>
            </param>
          </params>
          <reporter-output>
          </reporter-output>
        </test-method> <!-- tRun -->
      </class> <!-- com.sunnet.TestRunner.TestRunner -->
    </test> <!-- SunnetAutomationChrome -->
  </suite> <!-- Suite -->
</testng-results>
